<?xml version="1.0" encoding="UTF-8" ?>
<testsuite tests="11" failures="0" name="org.springframework.samples.petclinic.service.ClinicServiceJdbcTests" time="0.076" errors="0" skipped="0">
  <properties>
[...]
</properties>
  <testcase classname="org.springframework.samples.petclinic.service.ClinicServiceJdbcTests" name="shouldFindVets" time="0"/>
  <testcase classname="org.springframework.samples.petclinic.service.ClinicServiceJdbcTests" name="shouldFindOwnersByLastName" time="0"/>
  <testcase classname="org.springframework.samples.petclinic.service.ClinicServiceJdbcTests" name="shouldAddNewVisitForPet" time="0.002"/>
  <testcase classname="org.springframework.samples.petclinic.service.ClinicServiceJdbcTests" name="shouldUpdateOwner" time="0.001"/>
  <testcase classname="org.springframework.samples.petclinic.service.ClinicServiceJdbcTests" name="shouldFindVisitsByPetId" time="0"/>
  <testcase classname="org.springframework.samples.petclinic.service.ClinicServiceJdbcTests" name="shouldInsertPetIntoDatabaseAndGenerateId" time="0.013"/>
  <testcase classname="org.springframework.samples.petclinic.service.ClinicServiceJdbcTests" name="shouldInsertOwner" time="0.018"/>
  <testcase classname="org.springframework.samples.petclinic.service.ClinicServiceJdbcTests" name="shouldFindSingleOwnerWithPet" time="0"/>
  <testcase classname="org.springframework.samples.petclinic.service.ClinicServiceJdbcTests" name="shouldUpdatePetName" time="0.042"/>
  <testcase classname="org.springframework.samples.petclinic.service.ClinicServiceJdbcTests" name="shouldFindAllPetTypes" time="0"/>
  <testcase classname="org.springframework.samples.petclinic.service.ClinicServiceJdbcTests" name="shouldFindPetWithCorrectId" time="0"/>
</testsuite>